2018-10-12 02:24:50 +0000  Initial pipeline context: <IDEDistributionProcessingPipelineContext: 0x7f9e7d76ffb0; archive(resolved)='<IDEArchive: 0x7f9e7f831590>', distributionTask(resolved)='2', distributionDestination(resolved)='1', distributionMethod(resolved)='<IDEDistributionMethodiOSAppStoreDistribution: 0x7f9e7ffc3490>', team(resolved)='<IDEProvisioningDisambiguatableBasicTeam: 0x7f9e7f34d070; teamID='9K32N2988G', teamName='he chen', teamType='Individual', username='bangbangkeji@qq.com', isFreeProvisioningTeam='0'>'>
	Chain (12, self inclusive):
	<IDEDistributionProcessingPipelineContext: 0x7f9e7d76ffb0; archive = '<IDEArchive: 0x7f9e7f831590>', distributionMethod='<IDEDistributionMethodiOSAppStoreDistribution: 0x7f9e7ffc3490>', team='<IDEProvisioningDisambiguatableBasicTeam: 0x7f9e7f34d070; teamID='9K32N2988G', teamName='he chen', teamType='Individual', username='bangbangkeji@qq.com', isFreeProvisioningTeam='0'>'>
	<IDEDistributionProcessingPipelineContext: 0x7f9e7d76b400; archive = '<IDEArchive: 0x7f9e7f831590>', distributionMethod='<IDEDistributionMethodiOSAppStoreDistribution: 0x7f9e7ffc3490>', team='<IDEProvisioningDisambiguatableBasicTeam: 0x7f9e7f34d070; teamID='9K32N2988G', teamName='he chen', teamType='Individual', username='bangbangkeji@qq.com', isFreeProvisioningTeam='0'>'>
	<IDEDistributionContext: 0x7f9e7c873fd0; archive = '<IDEArchive: 0x7f9e7f831590>', distributionMethod='<IDEDistributionMethodiOSAppStoreDistribution: 0x7f9e7ffc3490>', team='<IDEProvisioningDisambiguatableBasicTeam: 0x7f9e7f34d070; teamID='9K32N2988G', teamName='he chen', teamType='Individual', username='bangbangkeji@qq.com', isFreeProvisioningTeam='0'>'>
	<IDEDistributionContext: 0x7f9e7ea1ff50; archive = '<IDEArchive: 0x7f9e7f831590>', distributionMethod='<IDEDistributionMethodiOSAppStoreDistribution: 0x7f9e7ffc3490>', team='<IDEProvisioningDisambiguatableBasicTeam: 0x7f9e7f34d070; teamID='9K32N2988G', teamName='he chen', teamType='Individual', username='bangbangkeji@qq.com', isFreeProvisioningTeam='0'>'>
	<IDEDistributionContext: 0x7f9e7ddf48b0; archive = '<IDEArchive: 0x7f9e7f831590>', distributionMethod='<IDEDistributionMethodiOSAppStoreDistribution: 0x7f9e7ffc3490>', team='<IDEProvisioningDisambiguatableBasicTeam: 0x7f9e7f34d070; teamID='9K32N2988G', teamName='he chen', teamType='Individual', username='bangbangkeji@qq.com', isFreeProvisioningTeam='0'>'>
	<IDEDistributionContext: 0x7f9e7f2ee7d0; archive = '<IDEArchive: 0x7f9e7f831590>', distributionMethod='<IDEDistributionMethodiOSAppStoreDistribution: 0x7f9e7ffc3490>', team='<IDEProvisioningDisambiguatableBasicTeam: 0x7f9e7f34d070; teamID='9K32N2988G', teamName='he chen', teamType='Individual', username='bangbangkeji@qq.com', isFreeProvisioningTeam='0'>'>
	<IDEDistributionContext: 0x7f9e7ed9ade0; archive = '<IDEArchive: 0x7f9e7f831590>', distributionMethod='<IDEDistributionMethodiOSAppStoreDistribution: 0x7f9e7ffc3490>', team='<IDEProvisioningDisambiguatableBasicTeam: 0x7f9e7f34d070; teamID='9K32N2988G', teamName='he chen', teamType='Individual', username='bangbangkeji@qq.com', isFreeProvisioningTeam='0'>'>
	<IDEDistributionContext: 0x7f9e7c80a1d0; archive = '<IDEArchive: 0x7f9e7f831590>', distributionMethod='<IDEDistributionMethodiOSAppStoreDistribution: 0x7f9e7ffc3490>', team='<IDEProvisioningDisambiguatableBasicTeam: 0x7f9e7f34d070; teamID='9K32N2988G', teamName='he chen', teamType='Individual', username='bangbangkeji@qq.com', isFreeProvisioningTeam='0'>'>
	<IDEDistributionContext: 0x7f9e7e8c1b80; archive = '<IDEArchive: 0x7f9e7f831590>', distributionMethod='<IDEDistributionMethodiOSAppStoreDistribution: 0x7f9e7ffc3490>', team='<IDEProvisioningDisambiguatableBasicTeam: 0x7f9e7f34d070; teamID='9K32N2988G', teamName='he chen', teamType='Individual', username='bangbangkeji@qq.com', isFreeProvisioningTeam='0'>'>
	<IDEDistributionContext: 0x7f9e76b10170; archive = '<IDEArchive: 0x7f9e7f831590>', distributionMethod='<IDEDistributionMethodiOSAppStoreDistribution: 0x7f9e7ffc3490>', team='(null)'>
	<IDEDistributionContext: 0x7f9e7e8adf20; archive = '<IDEArchive: 0x7f9e7f831590>', distributionMethod='<IDEDistributionMethodiOSAppStoreDistribution: 0x7f9e7ffc3490>', team='(null)'>
	<IDEDistributionContext: 0x7f9e7f8a64e0; archive = '<IDEArchive: 0x7f9e7f831590>', distributionMethod='(null)', team='(null)'>
</IDEDistributionProcessingPipelineContext: 0x7f9e7d76ffb0>
2018-10-12 02:24:50 +0000  Processing step: IDEDistributionCreateDestRootStep
2018-10-12 02:24:50 +0000  Processing step: IDEDistributionCopyItemStep
2018-10-12 02:24:50 +0000  Running /usr/bin/ditto '-V' '/Users/ruglcc/Library/Developer/Xcode/Archives/2018-10-12/beladen 2018-10-12, 10.23 AM.xcarchive/Products/Applications/beladen.app' '/var/folders/n3/thp9_6796ld277mw88l30mqh0000gn/T/XcodeDistPipeline.9gD/Root/Payload/beladen.app'
2018-10-12 02:24:50 +0000  >>> Copying /Users/ruglcc/Library/Developer/Xcode/Archives/2018-10-12/beladen 2018-10-12, 10.23 AM.xcarchive/Products/Applications/beladen.app 
2018-10-12 02:24:50 +0000  copying file ./_CodeSignature/CodeResources ... 
2018-10-12 02:24:50 +0000  20013 bytes for ./_CodeSignature/CodeResources
2018-10-12 02:24:50 +0000  copying file ./zh-Hans.lproj/LaunchScreen.strings ... 
2018-10-12 02:24:50 +0000  1 bytes for ./zh-Hans.lproj/LaunchScreen.strings
2018-10-12 02:24:50 +0000  copying file ./zh-Hans.lproj/Main.strings ... 
2018-10-12 02:24:50 +0000  531 bytes for ./zh-Hans.lproj/Main.strings
2018-10-12 02:24:50 +0000  copying file ./zh-Hans.lproj/Localizable.strings ... 
2018-10-12 02:24:50 +0000  846 bytes for ./zh-Hans.lproj/Localizable.strings
2018-10-12 02:24:50 +0000  copying file ./zh-Hans.lproj/InfoPlist.strings ... 
2018-10-12 02:24:50 +0000  648 bytes for ./zh-Hans.lproj/InfoPlist.strings
2018-10-12 02:24:50 +0000  copying file ./AppIcon20x20@2x.png ... 
2018-10-12 02:24:50 +0000  4462 bytes for ./AppIcon20x20@2x.png
2018-10-12 02:24:50 +0000  copying file ./en.lproj/Localizable.strings ... 
2018-10-12 02:24:50 +0000  1616 bytes for ./en.lproj/Localizable.strings
2018-10-12 02:24:50 +0000  copying file ./en.lproj/InfoPlist.strings ... 
2018-10-12 02:24:50 +0000  498 bytes for ./en.lproj/InfoPlist.strings
2018-10-12 02:24:50 +0000  copying file ./STDAddressList.plist ... 
2018-10-12 02:24:50 +0000  194276 bytes for ./STDAddressList.plist
2018-10-12 02:24:50 +0000  copying file ./AppIcon20x20@3x.png ... 
2018-10-12 02:24:50 +0000  8996 bytes for ./AppIcon20x20@3x.png
2018-10-12 02:24:50 +0000  copying file ./Faded.mp3 ... 
2018-10-12 02:24:50 +0000  8507798 bytes for ./Faded.mp3
2018-10-12 02:24:50 +0000  copying file ./bt_linking.gif ... 
2018-10-12 02:24:50 +0000  3606 bytes for ./bt_linking.gif
2018-10-12 02:24:50 +0000  copying file ./AppIcon60x60@2x.png ... 
33243 bytes for ./AppIcon60x60@2x.png
copying file ./AppIcon29x29@2x.png ... 
2018-10-12 02:24:50 +0000  8438 bytes for ./AppIcon29x29@2x.png
2018-10-12 02:24:50 +0000  copying file ./AppIcon40x40@3x.png ... 
2018-10-12 02:24:50 +0000  33243 bytes for ./AppIcon40x40@3x.png
2018-10-12 02:24:50 +0000  copying file ./AppIcon29x29~ipad.png ... 
2018-10-12 02:24:50 +0000  2552 bytes for ./AppIcon29x29~ipad.png
2018-10-12 02:24:50 +0000  copying file ./AppIcon40x40@2x.png ... 
2018-10-12 02:24:50 +0000  15627 bytes for ./AppIcon40x40@2x.png
2018-10-12 02:24:50 +0000  copying file ./ZFMusic.plist ... 
2018-10-12 02:24:50 +0000  159 bytes for ./ZFMusic.plist
2018-10-12 02:24:50 +0000  copying file ./play.gif ... 
2018-10-12 02:24:50 +0000  3577 bytes for ./play.gif
copying file ./AppIcon29x29@3x.png ... 
2018-10-12 02:24:50 +0000  18310 bytes for ./AppIcon29x29@3x.png
2018-10-12 02:24:50 +0000  copying file ./AppIcon60x60@3x.png ... 
2018-10-12 02:24:50 +0000  72100 bytes for ./AppIcon60x60@3x.png
2018-10-12 02:24:50 +0000  copying file ./play2.gif ... 
2018-10-12 02:24:50 +0000  5627 bytes for ./play2.gif
2018-10-12 02:24:50 +0000  copying file ./Base.lproj/Main.storyboardc/xqr-8s-Dri-view-Ioz-D6-fgL.nib ... 
2018-10-12 02:24:50 +0000  2273 bytes for ./Base.lproj/Main.storyboardc/xqr-8s-Dri-view-Ioz-D6-fgL.nib
2018-10-12 02:24:50 +0000  copying file ./Base.lproj/Main.storyboardc/8am-PB-dK7-view-MxG-9i-JHL.nib ... 
2018-10-12 02:24:50 +0000  2273 bytes for ./Base.lproj/Main.storyboardc/8am-PB-dK7-view-MxG-9i-JHL.nib
2018-10-12 02:24:50 +0000  copying file ./Base.lproj/Main.storyboardc/UITabBarController-Zdr-5M-Y8y.nib ... 
2018-10-12 02:24:50 +0000  4561 bytes for ./Base.lproj/Main.storyboardc/UITabBarController-Zdr-5M-Y8y.nib
2018-10-12 02:24:50 +0000  copying file ./Base.lproj/Main.storyboardc/j8n-6S-DYk-view-A0u-6A-CtW.nib ... 
2018-10-12 02:24:50 +0000  2322 bytes for ./Base.lproj/Main.storyboardc/j8n-6S-DYk-view-A0u-6A-CtW.nib
2018-10-12 02:24:50 +0000  copying file ./Base.lproj/Main.storyboardc/uwf-1d-f4n-view-flo-f9-qqI.nib ... 
2018-10-12 02:24:50 +0000  2272 bytes for ./Base.lproj/Main.storyboardc/uwf-1d-f4n-view-flo-f9-qqI.nib
2018-10-12 02:24:50 +0000  copying file ./Base.lproj/Main.storyboardc/2fN-vf-p0c-view-T8n-vq-Jof.nib ... 
2018-10-12 02:24:50 +0000  2273 bytes for ./Base.lproj/Main.storyboardc/2fN-vf-p0c-view-T8n-vq-Jof.nib
2018-10-12 02:24:50 +0000  copying file ./Base.lproj/Main.storyboardc/Info.plist ... 
2018-10-12 02:24:50 +0000  264 bytes for ./Base.lproj/Main.storyboardc/Info.plist
2018-10-12 02:24:50 +0000  copying file ./Base.lproj/LaunchScreen.storyboardc/01J-lp-oVM-view-Ze5-6b-2t3.nib ... 
2018-10-12 02:24:50 +0000  3416 bytes for ./Base.lproj/LaunchScreen.storyboardc/01J-lp-oVM-view-Ze5-6b-2t3.nib
2018-10-12 02:24:50 +0000  copying file ./Base.lproj/LaunchScreen.storyboardc/UIViewController-01J-lp-oVM.nib ... 
2018-10-12 02:24:50 +0000  832 bytes for ./Base.lproj/LaunchScreen.storyboardc/UIViewController-01J-lp-oVM.nib
2018-10-12 02:24:50 +0000  copying file ./Base.lproj/LaunchScreen.storyboardc/Info.plist ... 
2018-10-12 02:24:50 +0000  258 bytes for ./Base.lproj/LaunchScreen.storyboardc/Info.plist
2018-10-12 02:24:50 +0000  copying file ./Horizon.mp3 ... 
2018-10-12 02:24:50 +0000  7961709 bytes for ./Horizon.mp3
2018-10-12 02:24:50 +0000  copying file ./Assets.car ... 
2018-10-12 02:24:50 +0000  16950040 bytes for ./Assets.car
2018-10-12 02:24:50 +0000  copying file ./AppIcon40x40@2x~ipad.png ... 
15046 bytes for ./AppIcon40x40@2x~ipad.png
copying file ./AppIcon76x76@2x~ipad.png ... 
52220 bytes for ./AppIcon76x76@2x~ipad.png
copying file ./AppIcon83.5x83.5@2x~ipad.png ... 
62164 bytes for ./AppIcon83.5x83.5@2x~ipad.png
copying file ./AppIcon29x29@2x~ipad.png ... 
8438 bytes for ./AppIcon29x29@2x~ipad.png
copying file ./AppIcon40x40~ipad.png ... 
4462 bytes for ./AppIcon40x40~ipad.png
copying file ./LedTableViewCell.nib ... 
2018-10-12 02:24:50 +0000  3349 bytes for ./LedTableViewCell.nib
2018-10-12 02:24:50 +0000  copying file ./AppIcon20x20~ipad.png ... 
2018-10-12 02:24:50 +0000  1358 bytes for ./AppIcon20x20~ipad.png
2018-10-12 02:24:50 +0000  copying file ./embedded.mobileprovision ... 
2018-10-12 02:24:50 +0000  10217 bytes for ./embedded.mobileprovision
2018-10-12 02:24:50 +0000  copying file ./SVProgressHUD.bundle/info.png ... 
2018-10-12 02:24:50 +0000  365 bytes for ./SVProgressHUD.bundle/info.png
2018-10-12 02:24:50 +0000  copying file ./SVProgressHUD.bundle/error@3x.png ... 
2018-10-12 02:24:50 +0000  398 bytes for ./SVProgressHUD.bundle/error@3x.png
copying file ./SVProgressHUD.bundle/angle-mask@3x.png ... 
2018-10-12 02:24:50 +0000  8319 bytes for ./SVProgressHUD.bundle/angle-mask@3x.png
2018-10-12 02:24:50 +0000  copying file ./SVProgressHUD.bundle/angle-mask@2x.png ... 
2018-10-12 02:24:50 +0000  4893 bytes for ./SVProgressHUD.bundle/angle-mask@2x.png
copying file ./SVProgressHUD.bundle/error@2x.png ... 
2018-10-12 02:24:50 +0000  306 bytes for ./SVProgressHUD.bundle/error@2x.png
2018-10-12 02:24:50 +0000  copying file ./SVProgressHUD.bundle/info@3x.png ... 
2018-10-12 02:24:50 +0000  1200 bytes for ./SVProgressHUD.bundle/info@3x.png
2018-10-12 02:24:50 +0000  copying file ./SVProgressHUD.bundle/success@2x.png ... 
2018-10-12 02:24:50 +0000  462 bytes for ./SVProgressHUD.bundle/success@2x.png
2018-10-12 02:24:50 +0000  copying file ./SVProgressHUD.bundle/success@3x.png ... 
2018-10-12 02:24:50 +0000  714 bytes for ./SVProgressHUD.bundle/success@3x.png
2018-10-12 02:24:50 +0000  copying file ./SVProgressHUD.bundle/info@2x.png ... 
2018-10-12 02:24:50 +0000  816 bytes for ./SVProgressHUD.bundle/info@2x.png
copying file ./SVProgressHUD.bundle/error.png ... 
2018-10-12 02:24:50 +0000  184 bytes for ./SVProgressHUD.bundle/error.png
2018-10-12 02:24:50 +0000  copying file ./SVProgressHUD.bundle/success.png ... 
2018-10-12 02:24:50 +0000  262 bytes for ./SVProgressHUD.bundle/success.png
2018-10-12 02:24:50 +0000  copying file ./SVProgressHUD.bundle/angle-mask.png ... 
2018-10-12 02:24:50 +0000  1845 bytes for ./SVProgressHUD.bundle/angle-mask.png
2018-10-12 02:24:50 +0000  copying file ./AppIcon20x20@2x~ipad.png ... 
2018-10-12 02:24:50 +0000  4462 bytes for ./AppIcon20x20@2x~ipad.png
copying file ./Info.plist ... 
2018-10-12 02:24:50 +0000  1767 bytes for ./Info.plist
2018-10-12 02:24:50 +0000  copying file ./PkgInfo ... 
2018-10-12 02:24:50 +0000  8 bytes for ./PkgInfo
copying file ./AppIcon76x76~ipad.png ... 
2018-10-12 02:24:50 +0000  14281 bytes for ./AppIcon76x76~ipad.png
2018-10-12 02:24:50 +0000  copying file ./beladen ... 
2018-10-12 02:24:50 +0000  20397712 bytes for ./beladen
2018-10-12 02:24:50 +0000  /usr/bin/ditto exited with 0
2018-10-12 02:24:50 +0000  Processing step: IDEDistributionEmbedProfileStep
2018-10-12 02:24:50 +0000  Processing step: IDEDistributionItemRemovalStep
2018-10-12 02:24:50 +0000  Processing step: IDEDistributionAppThinningPlistStep
2018-10-12 02:24:50 +0000  Skipping step: IDEDistributionAppThinningPlistStep because it said so
2018-10-12 02:24:50 +0000  Processing step: IDEDistributionCompileBitcodeStep
2018-10-12 02:24:50 +0000  Skipping step: IDEDistributionCompileBitcodeStep because it said so
2018-10-12 02:24:50 +0000  Processing step: IDEDistributionCodeSlimmingStep
2018-10-12 02:24:50 +0000  Processing step: IDEDistributionCopyBCSymbolMapsStep
2018-10-12 02:24:51 +0000  Running /usr/bin/ditto '-V' '/Users/ruglcc/Library/Developer/Xcode/Archives/2018-10-12/beladen 2018-10-12, 10.23 AM.xcarchive/BCSymbolMaps/4A1E3987-C296-33FC-86CD-906368E90A10.bcsymbolmap' '/var/folders/n3/thp9_6796ld277mw88l30mqh0000gn/T/XcodeDistPipeline.9gD/Root/BCSymbolMaps/4A1E3987-C296-33FC-86CD-906368E90A10.bcsymbolmap'
2018-10-12 02:24:51 +0000  >>> Copying /Users/ruglcc/Library/Developer/Xcode/Archives/2018-10-12/beladen 2018-10-12, 10.23 AM.xcarchive/BCSymbolMaps/4A1E3987-C296-33FC-86CD-906368E90A10.bcsymbolmap 
2018-10-12 02:24:51 +0000  copying file ./4A1E3987-C296-33FC-86CD-906368E90A10.bcsymbolmap ... 
2018-10-12 02:24:51 +0000  277430 bytes for ./4A1E3987-C296-33FC-86CD-906368E90A10.bcsymbolmap
2018-10-12 02:24:51 +0000  /usr/bin/ditto exited with 0
2018-10-12 02:24:51 +0000  Running /usr/bin/ditto '-V' '/Users/ruglcc/Library/Developer/Xcode/Archives/2018-10-12/beladen 2018-10-12, 10.23 AM.xcarchive/BCSymbolMaps/765DDF1F-8C8B-3BC6-AC2F-E900059C90BE.bcsymbolmap' '/var/folders/n3/thp9_6796ld277mw88l30mqh0000gn/T/XcodeDistPipeline.9gD/Root/BCSymbolMaps/765DDF1F-8C8B-3BC6-AC2F-E900059C90BE.bcsymbolmap'
2018-10-12 02:24:51 +0000  >>> Copying /Users/ruglcc/Library/Developer/Xcode/Archives/2018-10-12/beladen 2018-10-12, 10.23 AM.xcarchive/BCSymbolMaps/765DDF1F-8C8B-3BC6-AC2F-E900059C90BE.bcsymbolmap 
2018-10-12 02:24:51 +0000  copying file ./765DDF1F-8C8B-3BC6-AC2F-E900059C90BE.bcsymbolmap ... 
2018-10-12 02:24:51 +0000  274080 bytes for ./765DDF1F-8C8B-3BC6-AC2F-E900059C90BE.bcsymbolmap
2018-10-12 02:24:51 +0000  /usr/bin/ditto exited with 0
2018-10-12 02:24:51 +0000  Processing step: IDEDistributionSymbolsStep
2018-10-12 02:24:51 +0000  Excluding symbols for beladen.app
2018-10-12 02:24:51 +0000  Processing step: IDEDistributionCopyAppleProvidedContentStep
2018-10-12 02:24:51 +0000  Processing step: IDEDistributionAppThinningStep
2018-10-12 02:24:51 +0000  Skipping step: IDEDistributionAppThinningStep because it said so
2018-10-12 02:24:51 +0000  Processing step: IDEDistributionODRStep
2018-10-12 02:24:51 +0000  Processing step: IDEDistributionStripXattrsStep
2018-10-12 02:24:51 +0000  Running /usr/bin/xattr '-crs' '/var/folders/n3/thp9_6796ld277mw88l30mqh0000gn/T/XcodeDistPipeline.9gD/Root/Payload/beladen.app'
2018-10-12 02:24:51 +0000  /usr/bin/xattr exited with 0
2018-10-12 02:24:51 +0000  Processing step: IDEDistributionCodesignStep
2018-10-12 02:24:51 +0000  Entitlements for <IDEDistributionItem: 0x7f9e7f2b7c70 'com.bangbangkeji.coolcar' '<DVTFilePath:0x7f9e7ee95980:'/Users/ruglcc/Library/Developer/Xcode/Archives/2018-10-12/beladen 2018-10-12, 10.23 AM.xcarchive/Products/Applications/beladen.app'>'>: {
    "application-identifier" = "9K32N2988G.com.bangbangkeji.coolcar";
    "beta-reports-active" = 1;
    "com.apple.developer.team-identifier" = 9K32N2988G;
    "get-task-allow" = 0;
    "keychain-access-groups" =     (
        "9K32N2988G.com.bangbangkeji.coolcar"
    );
}
2018-10-12 02:24:51 +0000  Writing entitlements for <IDEDistributionItem: 0x7f9e7f2b7c70 'com.bangbangkeji.coolcar' '<DVTFilePath:0x7f9e7ee95980:'/Users/ruglcc/Library/Developer/Xcode/Archives/2018-10-12/beladen 2018-10-12, 10.23 AM.xcarchive/Products/Applications/beladen.app'>'> to: /var/folders/n3/thp9_6796ld277mw88l30mqh0000gn/T/XcodeDistPipeline.9gD/entitlementsLcypF0
2018-10-12 02:24:51 +0000  Running /usr/bin/codesign '-vvv' '--force' '--sign' 'B7321A76380ECE1C58DC6439A96B3352E663DB7A' '--entitlements' '/var/folders/n3/thp9_6796ld277mw88l30mqh0000gn/T/XcodeDistPipeline.9gD/entitlementsLcypF0' '--preserve-metadata=identifier,flags,runtime' '/var/folders/n3/thp9_6796ld277mw88l30mqh0000gn/T/XcodeDistPipeline.9gD/Root/Payload/beladen.app'
2018-10-12 02:24:52 +0000  /var/folders/n3/thp9_6796ld277mw88l30mqh0000gn/T/XcodeDistPipeline.9gD/Root/Payload/beladen.app: signed app bundle with Mach-O universal (armv7 arm64) [com.bangbangkeji.coolcar]
2018-10-12 02:24:52 +0000  /usr/bin/codesign exited with 0
2018-10-12 02:24:52 +0000  Processing step: IDEDistributionZipODRItemStep
2018-10-12 02:24:52 +0000  Skipping step: IDEDistributionZipODRItemStep because it said so
2018-10-12 02:24:52 +0000  Processing step: IDEDistributionCreateIPAStep
2018-10-12 02:24:52 +0000  Running /usr/bin/ditto '-V' '-c' '-k' '--norsrc' '/var/folders/n3/thp9_6796ld277mw88l30mqh0000gn/T/XcodeDistPipeline.9gD/Root' '/var/folders/n3/thp9_6796ld277mw88l30mqh0000gn/T/XcodeDistPipeline.9gD/Packages/beladen.ipa'
2018-10-12 02:24:52 +0000  >>> Copying /var/folders/n3/thp9_6796ld277mw88l30mqh0000gn/T/XcodeDistPipeline.9gD/Root 
2018-10-12 02:24:52 +0000  copying file ./BCSymbolMaps/765DDF1F-8C8B-3BC6-AC2F-E900059C90BE.bcsymbolmap ... 
2018-10-12 02:24:52 +0000  274080 bytes for ./BCSymbolMaps/765DDF1F-8C8B-3BC6-AC2F-E900059C90BE.bcsymbolmap
copying file ./BCSymbolMaps/4A1E3987-C296-33FC-86CD-906368E90A10.bcsymbolmap ... 
2018-10-12 02:24:52 +0000  277430 bytes for ./BCSymbolMaps/4A1E3987-C296-33FC-86CD-906368E90A10.bcsymbolmap
2018-10-12 02:24:52 +0000  copying file ./Payload/beladen.app/_CodeSignature/CodeResources ... 
2018-10-12 02:24:52 +0000  20013 bytes for ./Payload/beladen.app/_CodeSignature/CodeResources
2018-10-12 02:24:52 +0000  copying file ./Payload/beladen.app/zh-Hans.lproj/LaunchScreen.strings ... 
2018-10-12 02:24:52 +0000  1 bytes for ./Payload/beladen.app/zh-Hans.lproj/LaunchScreen.strings
copying file ./Payload/beladen.app/zh-Hans.lproj/Main.strings ... 
531 bytes for ./Payload/beladen.app/zh-Hans.lproj/Main.strings
2018-10-12 02:24:52 +0000  copying file ./Payload/beladen.app/zh-Hans.lproj/Localizable.strings ... 
846 bytes for ./Payload/beladen.app/zh-Hans.lproj/Localizable.strings
copying file ./Payload/beladen.app/zh-Hans.lproj/InfoPlist.strings ... 
648 bytes for ./Payload/beladen.app/zh-Hans.lproj/InfoPlist.strings
copying file ./Payload/beladen.app/AppIcon20x20@2x.png ... 
4462 bytes for ./Payload/beladen.app/AppIcon20x20@2x.png
copying file ./Payload/beladen.app/en.lproj/Localizable.strings ... 
2018-10-12 02:24:52 +0000  1616 bytes for ./Payload/beladen.app/en.lproj/Localizable.strings
2018-10-12 02:24:52 +0000  copying file ./Payload/beladen.app/en.lproj/InfoPlist.strings ... 
498 bytes for ./Payload/beladen.app/en.lproj/InfoPlist.strings
2018-10-12 02:24:52 +0000  copying file ./Payload/beladen.app/STDAddressList.plist ... 
2018-10-12 02:24:52 +0000  194276 bytes for ./Payload/beladen.app/STDAddressList.plist
copying file ./Payload/beladen.app/AppIcon20x20@3x.png ... 
2018-10-12 02:24:52 +0000  8996 bytes for ./Payload/beladen.app/AppIcon20x20@3x.png
copying file ./Payload/beladen.app/Faded.mp3 ... 
2018-10-12 02:24:52 +0000  8507798 bytes for ./Payload/beladen.app/Faded.mp3
copying file ./Payload/beladen.app/bt_linking.gif ... 
3606 bytes for ./Payload/beladen.app/bt_linking.gif
copying file ./Payload/beladen.app/AppIcon60x60@2x.png ... 
2018-10-12 02:24:52 +0000  33243 bytes for ./Payload/beladen.app/AppIcon60x60@2x.png
2018-10-12 02:24:52 +0000  copying file ./Payload/beladen.app/AppIcon29x29@2x.png ... 
2018-10-12 02:24:52 +0000  8438 bytes for ./Payload/beladen.app/AppIcon29x29@2x.png
copying file ./Payload/beladen.app/AppIcon40x40@3x.png ... 
2018-10-12 02:24:52 +0000  33243 bytes for ./Payload/beladen.app/AppIcon40x40@3x.png
2018-10-12 02:24:52 +0000  copying file ./Payload/beladen.app/AppIcon29x29~ipad.png ... 
2552 bytes for ./Payload/beladen.app/AppIcon29x29~ipad.png
2018-10-12 02:24:52 +0000  copying file ./Payload/beladen.app/AppIcon40x40@2x.png ... 
2018-10-12 02:24:52 +0000  15627 bytes for ./Payload/beladen.app/AppIcon40x40@2x.png
copying file ./Payload/beladen.app/ZFMusic.plist ... 
2018-10-12 02:24:52 +0000  159 bytes for ./Payload/beladen.app/ZFMusic.plist
copying file ./Payload/beladen.app/play.gif ... 
2018-10-12 02:24:52 +0000  3577 bytes for ./Payload/beladen.app/play.gif
copying file ./Payload/beladen.app/AppIcon29x29@3x.png ... 
2018-10-12 02:24:52 +0000  18310 bytes for ./Payload/beladen.app/AppIcon29x29@3x.png
copying file ./Payload/beladen.app/AppIcon60x60@3x.png ... 
2018-10-12 02:24:52 +0000  72100 bytes for ./Payload/beladen.app/AppIcon60x60@3x.png
copying file ./Payload/beladen.app/play2.gif ... 
2018-10-12 02:24:52 +0000  5627 bytes for ./Payload/beladen.app/play2.gif
2018-10-12 02:24:52 +0000  copying file ./Payload/beladen.app/Base.lproj/Main.storyboardc/xqr-8s-Dri-view-Ioz-D6-fgL.nib ... 
2018-10-12 02:24:52 +0000  2273 bytes for ./Payload/beladen.app/Base.lproj/Main.storyboardc/xqr-8s-Dri-view-Ioz-D6-fgL.nib
copying file ./Payload/beladen.app/Base.lproj/Main.storyboardc/8am-PB-dK7-view-MxG-9i-JHL.nib ... 
2018-10-12 02:24:52 +0000  2273 bytes for ./Payload/beladen.app/Base.lproj/Main.storyboardc/8am-PB-dK7-view-MxG-9i-JHL.nib
copying file ./Payload/beladen.app/Base.lproj/Main.storyboardc/UITabBarController-Zdr-5M-Y8y.nib ... 
2018-10-12 02:24:52 +0000  4561 bytes for ./Payload/beladen.app/Base.lproj/Main.storyboardc/UITabBarController-Zdr-5M-Y8y.nib
2018-10-12 02:24:52 +0000  copying file ./Payload/beladen.app/Base.lproj/Main.storyboardc/j8n-6S-DYk-view-A0u-6A-CtW.nib ... 
2322 bytes for ./Payload/beladen.app/Base.lproj/Main.storyboardc/j8n-6S-DYk-view-A0u-6A-CtW.nib
2018-10-12 02:24:52 +0000  copying file ./Payload/beladen.app/Base.lproj/Main.storyboardc/uwf-1d-f4n-view-flo-f9-qqI.nib ... 
2018-10-12 02:24:52 +0000  2272 bytes for ./Payload/beladen.app/Base.lproj/Main.storyboardc/uwf-1d-f4n-view-flo-f9-qqI.nib
copying file ./Payload/beladen.app/Base.lproj/Main.storyboardc/2fN-vf-p0c-view-T8n-vq-Jof.nib ... 
2018-10-12 02:24:52 +0000  2273 bytes for ./Payload/beladen.app/Base.lproj/Main.storyboardc/2fN-vf-p0c-view-T8n-vq-Jof.nib
copying file ./Payload/beladen.app/Base.lproj/Main.storyboardc/Info.plist ... 
2018-10-12 02:24:52 +0000  264 bytes for ./Payload/beladen.app/Base.lproj/Main.storyboardc/Info.plist
2018-10-12 02:24:52 +0000  copying file ./Payload/beladen.app/Base.lproj/LaunchScreen.storyboardc/01J-lp-oVM-view-Ze5-6b-2t3.nib ... 
2018-10-12 02:24:52 +0000  3416 bytes for ./Payload/beladen.app/Base.lproj/LaunchScreen.storyboardc/01J-lp-oVM-view-Ze5-6b-2t3.nib
2018-10-12 02:24:52 +0000  copying file ./Payload/beladen.app/Base.lproj/LaunchScreen.storyboardc/UIViewController-01J-lp-oVM.nib ... 
832 bytes for ./Payload/beladen.app/Base.lproj/LaunchScreen.storyboardc/UIViewController-01J-lp-oVM.nib
copying file ./Payload/beladen.app/Base.lproj/LaunchScreen.storyboardc/Info.plist ... 
2018-10-12 02:24:52 +0000  258 bytes for ./Payload/beladen.app/Base.lproj/LaunchScreen.storyboardc/Info.plist
copying file ./Payload/beladen.app/Horizon.mp3 ... 
2018-10-12 02:24:53 +0000  7961709 bytes for ./Payload/beladen.app/Horizon.mp3
copying file ./Payload/beladen.app/Assets.car ... 
2018-10-12 02:24:54 +0000  16950040 bytes for ./Payload/beladen.app/Assets.car
2018-10-12 02:24:54 +0000  copying file ./Payload/beladen.app/AppIcon40x40@2x~ipad.png ... 
2018-10-12 02:24:54 +0000  15046 bytes for ./Payload/beladen.app/AppIcon40x40@2x~ipad.png
2018-10-12 02:24:54 +0000  copying file ./Payload/beladen.app/AppIcon76x76@2x~ipad.png ... 
2018-10-12 02:24:54 +0000  52220 bytes for ./Payload/beladen.app/AppIcon76x76@2x~ipad.png
copying file ./Payload/beladen.app/AppIcon83.5x83.5@2x~ipad.png ... 
2018-10-12 02:24:54 +0000  62164 bytes for ./Payload/beladen.app/AppIcon83.5x83.5@2x~ipad.png
2018-10-12 02:24:54 +0000  copying file ./Payload/beladen.app/AppIcon29x29@2x~ipad.png ... 
2018-10-12 02:24:54 +0000  8438 bytes for ./Payload/beladen.app/AppIcon29x29@2x~ipad.png
copying file ./Payload/beladen.app/AppIcon40x40~ipad.png ... 
2018-10-12 02:24:54 +0000  4462 bytes for ./Payload/beladen.app/AppIcon40x40~ipad.png
2018-10-12 02:24:54 +0000  copying file ./Payload/beladen.app/LedTableViewCell.nib ... 
2018-10-12 02:24:54 +0000  3349 bytes for ./Payload/beladen.app/LedTableViewCell.nib
2018-10-12 02:24:54 +0000  copying file ./Payload/beladen.app/AppIcon20x20~ipad.png ... 
2018-10-12 02:24:54 +0000  1358 bytes for ./Payload/beladen.app/AppIcon20x20~ipad.png
2018-10-12 02:24:54 +0000  copying file ./Payload/beladen.app/embedded.mobileprovision ... 
2018-10-12 02:24:54 +0000  7471 bytes for ./Payload/beladen.app/embedded.mobileprovision
2018-10-12 02:24:54 +0000  copying file ./Payload/beladen.app/SVProgressHUD.bundle/info.png ... 
2018-10-12 02:24:54 +0000  365 bytes for ./Payload/beladen.app/SVProgressHUD.bundle/info.png
2018-10-12 02:24:54 +0000  copying file ./Payload/beladen.app/SVProgressHUD.bundle/error@3x.png ... 
398 bytes for ./Payload/beladen.app/SVProgressHUD.bundle/error@3x.png
2018-10-12 02:24:54 +0000  copying file ./Payload/beladen.app/SVProgressHUD.bundle/angle-mask@3x.png ... 
2018-10-12 02:24:54 +0000  8319 bytes for ./Payload/beladen.app/SVProgressHUD.bundle/angle-mask@3x.png
copying file ./Payload/beladen.app/SVProgressHUD.bundle/angle-mask@2x.png ... 
2018-10-12 02:24:54 +0000  4893 bytes for ./Payload/beladen.app/SVProgressHUD.bundle/angle-mask@2x.png
2018-10-12 02:24:54 +0000  copying file ./Payload/beladen.app/SVProgressHUD.bundle/error@2x.png ... 
306 bytes for ./Payload/beladen.app/SVProgressHUD.bundle/error@2x.png
2018-10-12 02:24:54 +0000  copying file ./Payload/beladen.app/SVProgressHUD.bundle/info@3x.png ... 
1200 bytes for ./Payload/beladen.app/SVProgressHUD.bundle/info@3x.png
2018-10-12 02:24:54 +0000  copying file ./Payload/beladen.app/SVProgressHUD.bundle/success@2x.png ... 
2018-10-12 02:24:54 +0000  462 bytes for ./Payload/beladen.app/SVProgressHUD.bundle/success@2x.png
copying file ./Payload/beladen.app/SVProgressHUD.bundle/success@3x.png ... 
2018-10-12 02:24:54 +0000  714 bytes for ./Payload/beladen.app/SVProgressHUD.bundle/success@3x.png
copying file ./Payload/beladen.app/SVProgressHUD.bundle/info@2x.png ... 
2018-10-12 02:24:54 +0000  816 bytes for ./Payload/beladen.app/SVProgressHUD.bundle/info@2x.png
copying file ./Payload/beladen.app/SVProgressHUD.bundle/error.png ... 
2018-10-12 02:24:54 +0000  184 bytes for ./Payload/beladen.app/SVProgressHUD.bundle/error.png
copying file ./Payload/beladen.app/SVProgressHUD.bundle/success.png ... 
2018-10-12 02:24:54 +0000  262 bytes for ./Payload/beladen.app/SVProgressHUD.bundle/success.png
copying file ./Payload/beladen.app/SVProgressHUD.bundle/angle-mask.png ... 
2018-10-12 02:24:54 +0000  1845 bytes for ./Payload/beladen.app/SVProgressHUD.bundle/angle-mask.png
2018-10-12 02:24:54 +0000  copying file ./Payload/beladen.app/AppIcon20x20@2x~ipad.png ... 
2018-10-12 02:24:54 +0000  4462 bytes for ./Payload/beladen.app/AppIcon20x20@2x~ipad.png
copying file ./Payload/beladen.app/Info.plist ... 
2018-10-12 02:24:54 +0000  1767 bytes for ./Payload/beladen.app/Info.plist
2018-10-12 02:24:54 +0000  copying file ./Payload/beladen.app/PkgInfo ... 
2018-10-12 02:24:54 +0000  8 bytes for ./Payload/beladen.app/PkgInfo
copying file ./Payload/beladen.app/AppIcon76x76~ipad.png ... 
2018-10-12 02:24:54 +0000  14281 bytes for ./Payload/beladen.app/AppIcon76x76~ipad.png
copying file ./Payload/beladen.app/beladen ... 
2018-10-12 02:24:54 +0000  17137888 bytes for ./Payload/beladen.app/beladen
2018-10-12 02:24:54 +0000  /usr/bin/ditto exited with 0
2018-10-12 02:24:54 +0000  Processing step: IDEDistributionAppStoreInformationStep
2018-10-12 02:24:54 +0000  Skipping step: IDEDistributionAppStoreInformationStep because it said so
2018-10-12 02:24:54 +0000  Processing step: IDEDistributionCreateManifestStep
2018-10-12 02:24:54 +0000  Skipping step: IDEDistributionCreateManifestStep because it said so
